Reading netlist file: "C:\Users\elanr\Downloads\fpga_project(last)\impl\gwsynthesis\fpga_project(last).vg"
Parsing netlist file "C:\Users\elanr\Downloads\fpga_project(last)\impl\gwsynthesis\fpga_project(last).vg" completed
Processing netlist completed
Reading constraint file: "C:\Users\elanr\Downloads\fpga_project(last)\src\fpga_project(last).cst"
Physical Constraint parsed completed
Running placement......
[10%] Placement Phase 0 completed
[20%] Placement Phase 1 completed
[30%] Placement Phase 2 completed
[50%] Placement Phase 3 completed
Running routing......
[60%] Routing Phase 0 completed
[70%] Routing Phase 1 completed
[80%] Routing Phase 2 completed
[90%] Routing Phase 3 completed
Running timing analysis......
[95%] Timing analysis completed
Placement and routing completed
Bitstream generation in progress......
Bitstream generation completed
Running power analysis......
[100%] Power analysis completed
Generate file "C:\Users\elanr\Downloads\fpga_project(last)\impl\pnr\fpga_project(last).power.html" completed
Generate file "C:\Users\elanr\Downloads\fpga_project(last)\impl\pnr\fpga_project(last).pin.html" completed
Generate file "C:\Users\elanr\Downloads\fpga_project(last)\impl\pnr\fpga_project(last).rpt.html" completed
Generate file "C:\Users\elanr\Downloads\fpga_project(last)\impl\pnr\fpga_project(last).rpt.txt" completed
Generate file "C:\Users\elanr\Downloads\fpga_project(last)\impl\pnr\fpga_project(last).tr.html" completed
Mon Apr 10 16:57:13 2023

